have_library: checking for -lmimalloc... -------------------- no

DYLD_LIBRARY_PATH=.:/Users/george/.rubies/ruby-3.4.1/lib ASAN_OPTIONS=detect_leaks=0 "clang -o conftest -I/Users/george/.rubies/ruby-3.4.1/include/ruby-3.4.0/arm64-darwin24 -I/Users/george/.rubies/ruby-3.4.1/include/ruby-3.4.0/ruby/backward -I/Users/george/.rubies/ruby-3.4.1/include/ruby-3.4.0 -I../../../../ext/bmssp -I/opt/homebrew/opt/readline/include -I/opt/homebrew/opt/libyaml/include -I/opt/homebrew/opt/gdbm/include -I/opt/homebrew/opt/zstd/include -I/opt/homebrew/opt/libpq/include -D_XOPEN_SOURCE -D_DARWIN_C_SOURCE -D_DARWIN_UNLIMITED_SELECT -D_REENTRANT   -fstack-protector-strong -U_FORTIFY_SOURCE -D_FORTIFY_SOURCE=2 -fdeclspec  -O3 -fno-fast-math -ggdb3 -Wall -Wextra -Wextra-tokens -Wdeprecated-declarations -Wdivision-by-zero -Wdiv-by-zero -Wimplicit-function-declaration -Wimplicit-int -Wpointer-arith -Wshorten-64-to-32 -Wwrite-strings -Wold-style-definition -Wmissing-noreturn -Wno-cast-function-type -Wno-constant-logical-operand -Wno-long-long -Wno-missing-field-initializers -Wno-overlength-strings -Wno-parentheses-equality -Wno-self-assign -Wno-tautological-compare -Wno-unused-parameter -Wno-unused-value -Wunused-variable -Wmisleading-indentation -Wundef -pipe conftest.c -L. -L/Users/george/.rubies/ruby-3.4.1/lib -L/opt/homebrew/opt/readline/lib -L/opt/homebrew/opt/libyaml/lib -L/opt/homebrew/opt/gdbm/lib -L. -L/opt/homebrew/opt/zstd/lib -L/opt/homebrew/opt/libpq/lib -fstack-protector-strong -L/opt/homebrew/Cellar/readline/8.2.13/lib -L/opt/homebrew/Cellar/libyaml/0.2.5/lib -L/opt/homebrew/Cellar/gdbm/1.24/lib  -arch arm64   -lruby.3.4-static -framework CoreFoundation -ldl -lobjc -lpthread   -lpthread  "
ld: warning: directory not found for option '-L/opt/homebrew/Cellar/readline/8.2.13/lib'
ld: warning: directory not found for option '-L/opt/homebrew/Cellar/gdbm/1.24/lib'
ld: warning: can't parse dwarf compilation unit info in /var/folders/kl/b860wl392_bd5cqm45nwdt0c0000gn/T/conftest-f2e9f0.o
warning: no debug symbols in executable (-arch arm64)
checked program was:
/* begin */
1: #include "ruby.h"
2: 
3: int main(int argc, char **argv)
4: {
5:   return !!argv[argc];
6: }
/* end */

DYLD_LIBRARY_PATH=.:/Users/george/.rubies/ruby-3.4.1/lib ASAN_OPTIONS=detect_leaks=0 "clang -o conftest -I/Users/george/.rubies/ruby-3.4.1/include/ruby-3.4.0/arm64-darwin24 -I/Users/george/.rubies/ruby-3.4.1/include/ruby-3.4.0/ruby/backward -I/Users/george/.rubies/ruby-3.4.1/include/ruby-3.4.0 -I../../../../ext/bmssp -I/opt/homebrew/opt/readline/include -I/opt/homebrew/opt/libyaml/include -I/opt/homebrew/opt/gdbm/include -I/opt/homebrew/opt/zstd/include -I/opt/homebrew/opt/libpq/include -D_XOPEN_SOURCE -D_DARWIN_C_SOURCE -D_DARWIN_UNLIMITED_SELECT -D_REENTRANT   -fstack-protector-strong -U_FORTIFY_SOURCE -D_FORTIFY_SOURCE=2 -fdeclspec  -O3 -fno-fast-math -ggdb3 -Wall -Wextra -Wextra-tokens -Wdeprecated-declarations -Wdivision-by-zero -Wdiv-by-zero -Wimplicit-function-declaration -Wimplicit-int -Wpointer-arith -Wshorten-64-to-32 -Wwrite-strings -Wold-style-definition -Wmissing-noreturn -Wno-cast-function-type -Wno-constant-logical-operand -Wno-long-long -Wno-missing-field-initializers -Wno-overlength-strings -Wno-parentheses-equality -Wno-self-assign -Wno-tautological-compare -Wno-unused-parameter -Wno-unused-value -Wunused-variable -Wmisleading-indentation -Wundef -pipe conftest.c -L. -L/Users/george/.rubies/ruby-3.4.1/lib -L/opt/homebrew/opt/readline/lib -L/opt/homebrew/opt/libyaml/lib -L/opt/homebrew/opt/gdbm/lib -L. -L/opt/homebrew/opt/zstd/lib -L/opt/homebrew/opt/libpq/lib -fstack-protector-strong -L/opt/homebrew/Cellar/readline/8.2.13/lib -L/opt/homebrew/Cellar/libyaml/0.2.5/lib -L/opt/homebrew/Cellar/gdbm/1.24/lib  -arch arm64   -lruby.3.4-static -framework CoreFoundation -ldl -lobjc -lpthread  -lmimalloc  -lpthread  "
ld: warning: directory not found for option '-L/opt/homebrew/Cellar/readline/8.2.13/lib'
ld: warning: directory not found for option '-L/opt/homebrew/Cellar/gdbm/1.24/lib'
ld: library not found for -lmimalloc
clang: error: linker command failed with exit code 1 (use -v to see invocation)
checked program was:
/* begin */
 1: #include "ruby.h"
 2: 
 3: /*top*/
 4: extern int t(void);
 5: int main(int argc, char **argv)
 6: {
 7:   if (argc > 1000000) {
 8:     int (* volatile tp)(void)=(int (*)(void))&t;
 9:     printf("%d", (*tp)());
10:   }
11: 
12:   return !!argv[argc];
13: }
14: 
15: int t(void) { ; return 0; }
/* end */

--------------------

